<?xml version="1.0" encoding="UTF-8"?>
<!-- Generated by org.testng.reporters.JUnitReportReporter -->
<testsuite hostname="DESKTOP-ELL961H" failures="0" tests="1" name="Tc_02_Organization" time="24.013" errors="0" timestamp="2023-02-08T18:35:16 IST" skipped="0">
  <testcase classname="Tc_02_Organization" name="newOrganization" time="24.013"/>
  <system-out/>
</testsuite> <!-- Tc_02_Organization -->
