<?xml version="1.0" encoding="UTF-8"?>
<!-- Generated by org.testng.reporters.JUnitReportReporter -->
<testsuite hostname="DESKTOP-ELL961H" failures="0" tests="1" name="testCases.Tc_02_Organization" time="22.888" errors="0" timestamp="2023-02-12T15:41:22 IST" skipped="0">
  <testcase classname="testCases.Tc_02_Organization" name="newOrganization" time="22.888"/>
  <system-out/>
</testsuite> <!-- testCases.Tc_02_Organization -->
