<?xml version="1.0" encoding="UTF-8"?>
<!-- Generated by org.testng.reporters.JUnitReportReporter -->
<testsuite hostname="DESKTOP-ELL961H" failures="0" tests="1" name="testCases.TC_05" time="22.638" errors="0" timestamp="2023-02-12T15:41:22 IST" skipped="0">
  <testcase classname="testCases.TC_05" name="selectOrgName" time="22.638"/>
  <system-out/>
</testsuite> <!-- testCases.TC_05 -->
