<?xml version="1.0" encoding="UTF-8"?>
<!-- Generated by org.testng.reporters.JUnitReportReporter -->
<testsuite hostname="DESKTOP-ELL961H" failures="0" tests="1" name="TC_04" time="42.598" errors="0" timestamp="2023-02-11T11:57:31 IST" skipped="0">
  <testcase classname="TC_04" name="select_Industry_AccType" time="42.598"/>
  <system-out/>
</testsuite> <!-- TC_04 -->
