<?xml version="1.0" encoding="UTF-8"?>
<!-- Generated by org.testng.reporters.JUnitReportReporter -->
<testsuite hostname="DESKTOP-ELL961H" failures="0" tests="1" name="testCases.TC_04" time="22.112" errors="0" timestamp="2023-02-12T15:41:22 IST" skipped="0">
  <testcase classname="testCases.TC_04" name="select_Industry_AccType" time="22.112"/>
  <system-out/>
</testsuite> <!-- testCases.TC_04 -->
