<?xml version="1.0" encoding="UTF-8"?>
<!-- Generated by org.testng.reporters.JUnitReportReporter -->
<testsuite hostname="DESKTOP-ELL961H" failures="0" tests="1" name="TC_05" time="30.090" errors="0" timestamp="2023-02-12T00:25:06 IST" skipped="0">
  <testcase classname="TC_05" name="selectOrgName" time="30.090"/>
  <system-out/>
</testsuite> <!-- TC_05 -->
