<?xml version="1.0" encoding="UTF-8"?>
<!-- Generated by org.testng.reporters.JUnitReportReporter -->
<testsuite hostname="DESKTOP-ELL961H" failures="0" tests="1" name="TC_01_Contacts" time="22.822" errors="0" timestamp="2023-02-12T01:01:44 IST" skipped="0">
  <testcase classname="TC_01_Contacts" name="newContact" time="22.822"/>
  <system-out/>
</testsuite> <!-- TC_01_Contacts -->
