<?xml version="1.0" encoding="UTF-8"?>
<!-- Generated by org.testng.reporters.JUnitReportReporter -->
<testsuite hostname="DESKTOP-ELL961H" failures="0" tests="1" name="TC_03_Industrytype" time="9.379" errors="0" timestamp="2023-02-09T00:07:37 IST" skipped="0">
  <testcase classname="TC_03_Industrytype" name="selectIndusrtytype" time="9.379"/>
  <system-out/>
</testsuite> <!-- TC_03_Industrytype -->
